<?xml version="1.0" encoding="UTF-8"?>
<!-- Generated by org.testng.reporters.JUnitXMLReporter -->
<testsuite ignored="0" hostname="DESKTOP-JRLDGJM" failures="0" tests="7" name="Default test" time="6.218" errors="0" timestamp="19 Jul 2023 11:49:16 GMT">
  <testcase classname="Endtoend.Phase3ProjectClass" name="TC01_getallEmployee" time="4.674"/>
  <testcase classname="Endtoend.Phase3ProjectClass" name="TC02_postEmployee" time="1.142"/>
  <testcase classname="Endtoend.Phase3ProjectClass" name="TC03_updateEmployee" time="0.114"/>
  <testcase classname="Endtoend.Phase3ProjectClass" name="TC04_getSingleEmployee" time="0.084"/>
  <testcase classname="Endtoend.Phase3ProjectClass" name="TC05_deleteEmployee" time="0.051"/>
  <testcase classname="Endtoend.Phase3ProjectClass" name="TC06_getSingleEmployee" time="0.044"/>
  <testcase classname="Endtoend.Phase3ProjectClass" name="TC07_allgetEmployee" time="0.054"/>
</testsuite> <!-- Default test -->
