<?xml version="1.0" encoding="UTF-8"?>
<testng-results ignored="0" total="7" passed="7" failed="0" skipped="0">
  <reporter-output>
  </reporter-output>
  <suite started-at="2023-07-19T11:49:10Z" name="Default suite" finished-at="2023-07-19T11:49:16Z" duration-ms="6218">
    <groups>
    </groups>
    <test started-at="2023-07-19T11:49:10Z" name="Default test" finished-at="2023-07-19T11:49:16Z" duration-ms="6218">
      <class name="Endtoend.Phase3ProjectClass">
        <test-method signature="TC01_getallEmployee()[pri:0, instance:Endtoend.Phase3ProjectClass@68dc098b]" started-at="2023-07-19T11:49:10Z" name="TC01_getallEmployee" finished-at="2023-07-19T11:49:14Z" duration-ms="4674" status="PASS">
          <reporter-output>
          </reporter-output>
        </test-method> <!-- TC01_getallEmployee -->
        <test-method signature="TC02_postEmployee()[pri:0, instance:Endtoend.Phase3ProjectClass@68dc098b]" started-at="2023-07-19T11:49:14Z" name="TC02_postEmployee" finished-at="2023-07-19T11:49:16Z" duration-ms="1142" status="PASS">
          <reporter-output>
          </reporter-output>
        </test-method> <!-- TC02_postEmployee -->
        <test-method signature="TC03_updateEmployee()[pri:0, instance:Endtoend.Phase3ProjectClass@68dc098b]" started-at="2023-07-19T11:49:16Z" name="TC03_updateEmployee" finished-at="2023-07-19T11:49:16Z" duration-ms="114" status="PASS">
          <reporter-output>
          </reporter-output>
        </test-method> <!-- TC03_updateEmployee -->
        <test-method signature="TC04_getSingleEmployee()[pri:0, instance:Endtoend.Phase3ProjectClass@68dc098b]" started-at="2023-07-19T11:49:16Z" name="TC04_getSingleEmployee" finished-at="2023-07-19T11:49:16Z" duration-ms="84" status="PASS">
          <reporter-output>
          </reporter-output>
        </test-method> <!-- TC04_getSingleEmployee -->
        <test-method signature="TC05_deleteEmployee()[pri:0, instance:Endtoend.Phase3ProjectClass@68dc098b]" started-at="2023-07-19T11:49:16Z" name="TC05_deleteEmployee" finished-at="2023-07-19T11:49:16Z" duration-ms="51" status="PASS">
          <reporter-output>
          </reporter-output>
        </test-method> <!-- TC05_deleteEmployee -->
        <test-method signature="TC06_getSingleEmployee()[pri:0, instance:Endtoend.Phase3ProjectClass@68dc098b]" started-at="2023-07-19T11:49:16Z" name="TC06_getSingleEmployee" finished-at="2023-07-19T11:49:16Z" duration-ms="44" status="PASS">
          <reporter-output>
          </reporter-output>
        </test-method> <!-- TC06_getSingleEmployee -->
        <test-method signature="TC07_allgetEmployee()[pri:0, instance:Endtoend.Phase3ProjectClass@68dc098b]" started-at="2023-07-19T11:49:16Z" name="TC07_allgetEmployee" finished-at="2023-07-19T11:49:16Z" duration-ms="54" status="PASS">
          <reporter-output>
          </reporter-output>
        </test-method> <!-- TC07_allgetEmployee -->
      </class> <!-- Endtoend.Phase3ProjectClass -->
    </test> <!-- Default test -->
  </suite> <!-- Default suite -->
</testng-results>
